2021-02-25 13:58:27,126 INFO 5336 5060 ocr.py main():15 Program started
2021-02-25 15:00:26,839 INFO 1348 7992 ocr.py main():15 Program started
2021-02-25 15:01:00,901 INFO 624 308 ocr.py main():15 Program started
2021-02-25 15:01:27,876 INFO 348 3032 ocr.py main():15 Program started
2021-02-25 15:02:49,282 INFO 6920 7552 ocr.py main():22 Program started
2021-02-25 15:03:30,001 INFO 5148 1316 ocr.py main():22 Program started
2021-02-25 15:03:56,948 INFO 6984 6844 ocr.py main():22 Program started
2021-02-25 15:12:26,539 INFO 2640 7012 ocr.py main():22 Program started
2021-02-25 15:15:37,244 INFO 6472 3804 ocr.py main():20 Program started
2021-02-25 15:15:42,832 INFO 4712 2192 ocr.py main():20 Program started
2021-02-25 15:15:48,385 INFO 360 5428 ocr.py main():20 Program started
2021-02-25 15:15:52,214 INFO 3700 6920 ocr.py main():20 Program started
2021-02-25 15:16:38,885 INFO 5048 756 ocr.py main():21 Program started
2021-02-25 15:17:52,056 INFO 572 5452 ocr.py main():24 Program started
2021-02-25 15:18:53,754 INFO 868 8160 ocr.py main():24 Program started
2021-02-25 15:23:55,296 INFO 2912 3500 ocr.py main():20 Program started
2021-02-25 15:24:26,885 INFO 5936 4556 ocr.py main():20 Program started
2021-02-25 15:24:39,916 INFO 3280 208 ocr.py main():20 Program started
2021-02-25 15:25:23,488 INFO 8008 4048 ocr.py main():20 Program started
2021-02-25 15:26:02,166 INFO 1748 6492 ocr.py main():20 Program started
2021-02-25 15:27:41,933 INFO 3272 7740 ocr.py main():20 Program started
2021-02-25 15:27:47,431 INFO 8060 7112 ocr.py main():20 Program started
2021-02-25 15:28:37,088 INFO 7320 6984 ocr.py main():20 Program started
2021-02-25 15:30:45,667 INFO 4240 2340 ocr.py main():20 Program started
2021-02-25 15:31:00,646 INFO 6956 7684 ocr.py main():20 Program started
2021-02-25 15:31:09,916 INFO 7672 6708 ocr.py main():20 Program started
2021-02-25 15:32:03,731 INFO 6604 4116 ocr.py main():20 Program started
2021-02-25 15:33:22,129 INFO 340 5148 ocr.py main():20 Program started
2021-02-25 15:39:25,239 INFO 3000 5384 ocr.py main():20 Program started
2021-02-25 15:39:48,522 INFO 4952 5664 ocr.py main():20 Program started
2021-03-04 09:14:41,247 INFO 8564 7772 ocr.py main():20 Program started
2021-03-04 09:15:09,203 INFO 9636 9376 ocr.py main():20 Program started
2021-03-04 09:22:33,852 INFO 944 2852 ocr.py main():20 Program started
2021-03-04 09:23:40,870 INFO 7200 3956 ocr.py main():20 Program started
2021-03-04 09:23:43,660 INFO 7200 3956 reader.py write_to_txt():33 La cartella .\scans esiste già
2021-03-04 09:23:44,066 INFO 7200 3956 reader.py write_to_txt():55 Il file scan.txt è stato creato
2021-03-04 09:24:27,655 INFO 3248 9856 ocr.py main():20 Program started
2021-03-04 09:24:30,352 INFO 3248 9856 reader.py write_to_txt():33 La cartella .\scans esiste già
2021-03-04 09:24:30,755 INFO 3248 9856 reader.py write_to_txt():59 Il file scan.txt è stato creato
2021-03-04 09:30:17,995 INFO 2828 3144 ocr.py main():20 Program started
2021-03-04 09:30:21,576 INFO 2828 3144 reader.py write_to_txt():33 La cartella .\scans esiste già
2021-03-04 09:30:22,100 INFO 2828 3144 reader.py write_to_txt():50 Il file scan.txt è stato creato
2021-03-04 09:31:53,516 INFO 6112 4244 ocr.py main():20 Program started
2021-03-04 09:32:26,258 INFO 2804 2364 ocr.py main():20 Program started
2021-03-04 09:32:30,268 INFO 2804 2364 reader.py write_to_txt():33 La cartella .\scans esiste già
2021-03-04 09:32:30,660 INFO 2804 2364 reader.py write_to_txt():54 Il file scan.txt è stato creato
2021-03-04 09:32:41,441 INFO 3884 3976 ocr.py main():20 Program started
2021-03-04 09:43:34,420 INFO 6712 8724 ocr.py main():20 Program started
2021-03-04 09:43:38,373 INFO 6712 8724 reader.py write_to_txt():33 La cartella .\scans esiste già
2021-03-04 09:43:38,793 INFO 6712 8724 reader.py write_to_txt():49 Il file scan.txt è stato creato
2021-03-04 09:43:59,521 INFO 9424 10200 ocr.py main():20 Program started
2021-03-04 09:44:02,405 INFO 9424 10200 reader.py write_to_txt():33 La cartella .\scans esiste già
2021-03-04 09:44:02,752 INFO 9424 10200 reader.py write_to_txt():54 Il file scan.txt è stato creato
2021-03-04 10:14:38,514 INFO 10076 10136 ocr.py main():20 Program started
2021-03-04 10:14:41,345 INFO 10076 10136 reader.py write_to_txt():33 La cartella .\scans esiste già
2021-03-04 10:14:41,786 INFO 10076 10136 reader.py write_to_txt():49 Il file scan.txt è stato creato
2021-03-04 10:14:52,931 INFO 5676 952 ocr.py main():20 Program started
2021-03-04 10:14:56,125 INFO 5676 952 reader.py write_to_txt():33 La cartella .\scans esiste già
2021-03-04 10:14:56,560 INFO 5676 952 reader.py write_to_txt():54 Il file scan.txt è stato creato
2021-03-04 10:15:33,900 INFO 6448 6536 ocr.py main():20 Program started
2021-03-04 10:15:36,861 INFO 6448 6536 reader.py write_to_txt():33 La cartella .\scans esiste già
2021-03-04 10:15:37,340 INFO 6448 6536 reader.py write_to_txt():58 Il file scan.txt è stato creato
2021-03-04 10:21:44,032 INFO 5512 4276 ocr.py main():20 Program started
2021-03-04 10:21:47,020 INFO 5512 4276 reader.py write_to_txt():33 La cartella .\scans esiste già
2021-03-04 10:22:15,809 INFO 2448 5008 ocr.py main():20 Program started
2021-03-04 10:22:18,727 INFO 2448 5008 reader.py write_to_txt():33 La cartella .\scans esiste già
2021-03-04 10:22:18,932 INFO 2448 5008 reader.py write_to_txt():45 Il file scan.txt è stato creato
2021-03-04 10:22:31,562 INFO 4820 7372 ocr.py main():20 Program started
2021-03-04 10:22:34,509 INFO 4820 7372 reader.py write_to_txt():33 La cartella .\scans esiste già
2021-03-04 10:26:16,386 INFO 6644 5676 ocr.py main():20 Program started
2021-03-04 10:26:19,040 INFO 6644 5676 reader.py write_to_txt():33 La cartella .\scans esiste già
2021-03-04 10:26:19,435 INFO 6644 5676 reader.py write_to_txt():62 Il file scan.txt è stato creato
2021-03-04 10:26:28,016 INFO 7324 9192 ocr.py main():20 Program started
2021-03-04 10:26:30,996 INFO 7324 9192 reader.py write_to_txt():33 La cartella .\scans esiste già
2021-03-04 10:26:38,093 INFO 4132 8984 ocr.py main():20 Program started
2021-03-04 10:26:40,930 INFO 4132 8984 reader.py write_to_txt():33 La cartella .\scans esiste già
2021-03-04 10:40:53,513 INFO 9608 5368 ocr.py main():20 Program started
2021-03-04 10:40:56,363 INFO 9608 5368 reader.py write_to_txt():39 La cartella %s esiste già
2021-03-04 10:40:56,581 INFO 9608 5368 reader.py check_extention():31 wrong image type inserted
2021-03-04 10:46:44,749 INFO 8632 4328 ocr.py main():20 Program started
2021-03-04 10:46:47,683 INFO 8632 4328 reader.py write_to_txt():39 La cartella %s esiste già
2021-03-04 10:47:06,707 INFO 8284 1764 ocr.py main():20 Program started
2021-03-04 10:47:09,471 INFO 8284 1764 reader.py write_to_txt():39 La cartella %s esiste già
2021-03-04 10:47:09,708 INFO 8284 1764 reader.py check_extention():31 wrong image type inserted
2021-03-04 10:49:33,768 INFO 5068 2020 ocr.py main():20 Program started
2021-03-04 10:49:36,514 INFO 5068 2020 reader.py write_to_txt():34 La cartella %s esiste già
2021-03-04 10:50:38,902 INFO 7228 3836 ocr.py main():20 Program started
2021-03-04 10:50:54,866 INFO 3940 3024 ocr.py main():20 Program started
2021-03-04 10:51:48,987 INFO 6764 312 ocr.py main():20 Program started
2021-03-04 10:51:52,715 INFO 6764 312 reader.py write_to_txt():34 La cartella %s esiste già
2021-03-04 10:51:52,941 INFO 6764 312 reader.py write_to_txt():68 wrong image type inserted
2021-03-04 10:56:10,395 INFO 10036 5812 ocr.py main():20 Program started
2021-03-04 10:56:14,870 INFO 10036 5812 reader.py write_to_txt():34 La cartella %s esiste già
2021-03-04 10:56:15,088 INFO 10036 5812 reader.py write_to_txt():68 wrong image type inserted
2021-03-04 10:56:46,356 INFO 5200 5908 ocr.py main():20 Program started
2021-03-04 10:56:50,175 INFO 5200 5908 reader.py write_to_txt():34 La cartella %s esiste già
2021-03-04 10:56:50,275 INFO 5200 5908 reader.py write_to_txt():67 wrong image type inserted
2021-03-04 10:59:39,424 INFO 9220 10024 ocr.py main():20 Program started
2021-03-04 10:59:42,932 INFO 9220 10024 reader.py write_to_txt():34 La cartella %s esiste già
2021-03-04 10:59:43,042 INFO 9220 10024 reader.py write_to_txt():66 wrong image type inserted
2021-03-04 11:01:49,341 INFO 2752 4880 ocr.py main():20 Program started
2021-03-04 11:01:52,418 INFO 2752 4880 reader.py write_to_txt():34 La cartella %s esiste già
2021-03-04 11:04:42,628 INFO 3468 7480 ocr.py main():20 Program started
2021-03-04 11:32:47,811 INFO 3832 9012 ocr.py main():20 Program started
2021-03-04 11:32:56,348 INFO 3832 9012 reader.py write_to_txt():36 La cartella %s è stata creata
2021-03-04 11:33:15,519 INFO 2496 7612 ocr.py main():20 Program started
2021-03-04 11:33:23,444 INFO 2496 7612 reader.py write_to_txt():34 La cartella %s esiste già
2021-03-04 11:33:23,578 INFO 2496 7612 reader.py write_to_txt():47 Il file engToIta.txt è stato creato
2021-03-04 11:35:01,274 INFO 9804 9680 ocr.py main():20 Program started
2021-03-04 11:35:09,086 INFO 9804 9680 reader.py write_to_txt():34 La cartella %s esiste già
2021-03-04 12:31:03,817 INFO 9204 4216 ocr.py main():20 Program started
2021-03-04 12:31:11,085 INFO 9204 4216 reader.py write_to_txt():34 La cartella .\scans esiste già
2021-03-04 12:31:36,374 INFO 9748 10124 ocr.py main():20 Program started
2021-03-04 12:31:43,397 INFO 9748 10124 reader.py write_to_txt():34 La cartella .\scans esiste già
2021-03-04 12:31:43,617 INFO 9748 10124 reader.py write_to_txt():47 Il file engToIta.txt è stato creato
2021-03-04 12:32:51,705 INFO 7068 9236 ocr.py main():20 Program started
2021-03-04 12:33:01,052 INFO 7068 9236 reader.py write_to_txt():34 La cartella .\scans esiste già
2021-03-04 12:33:01,557 INFO 7068 9236 reader.py write_to_txt():64 Il file engToIta.txt è stato creato
2021-03-04 12:34:24,944 INFO 6464 7712 ocr.py main():20 Program started
2021-03-04 12:34:38,027 INFO 6464 7712 reader.py write_to_txt():34 La cartella .\scans esiste già
2021-03-04 12:35:46,042 INFO 2112 5592 ocr.py main():20 Program started
2021-03-04 12:35:58,998 INFO 2112 5592 reader.py write_to_txt():31 La cartella .\scans esiste già
2021-03-04 12:35:59,230 INFO 2112 5592 reader.py write_to_txt():44 Il file engToIta.txt è stato creato
2021-03-04 12:42:50,164 INFO 5676 4640 ocr.py main():20 Program started
2021-03-04 12:43:02,813 INFO 5676 4640 reader.py write_to_txt():30 La cartella .\scans esiste già
2021-03-04 12:43:03,357 INFO 5676 4640 reader.py write_to_txt():59 Il file engToIta.txt è stato creato
2021-03-04 12:43:29,969 INFO 808 1848 ocr.py main():20 Program started
2021-03-04 12:43:38,237 INFO 808 1848 reader.py write_to_txt():30 La cartella .\scans esiste già
2021-03-04 12:43:38,690 INFO 808 1848 reader.py write_to_txt():63 Il file ItaToEng.txt è stato creato
2021-03-04 12:47:13,929 INFO 7672 6412 ocr.py main():20 Program started
2021-03-04 12:47:20,563 INFO 7672 6412 reader.py write_to_txt():30 La cartella .\scans esiste già
2021-03-04 12:47:20,795 INFO 7672 6412 reader.py write_to_txt():63 Il file ItaToEng.txt è stato creato
2021-03-04 12:47:35,133 INFO 1112 4548 ocr.py main():20 Program started
2021-03-04 12:47:42,427 INFO 1112 4548 reader.py write_to_txt():30 La cartella .\scans esiste già
2021-03-04 12:47:42,665 INFO 1112 4548 reader.py write_to_txt():63 Il file ItaToEng.txt è stato creato
2021-03-04 12:51:21,793 INFO 8104 3224 ocr.py main():20 Program started
2021-03-04 13:10:29,490 INFO 2652 9100 ocr.py main():20 Program started
2021-03-04 13:10:36,203 INFO 2652 9100 reader.py write_to_txt():30 La cartella .\scans esiste già
2021-03-04 13:10:36,428 INFO 2652 9100 reader.py write_to_txt():63 Il file EngToIta.txt è stato creato
2021-03-04 13:11:31,257 INFO 5408 1248 ocr.py main():20 Program started
2021-03-04 13:11:42,415 INFO 5408 1248 reader.py write_to_txt():30 La cartella .\scans esiste già
2021-03-04 13:11:42,663 INFO 5408 1248 reader.py write_to_txt():63 Il file EngToIta.txt è stato creato
2021-03-04 13:12:18,459 INFO 3712 7964 ocr.py main():20 Program started
2021-03-04 13:12:26,659 INFO 3712 7964 reader.py write_to_txt():30 La cartella .\scans esiste già
2021-03-04 13:12:26,839 INFO 3712 7964 reader.py write_to_txt():63 Il file EngToIta.txt è stato creato
2021-03-04 13:13:36,559 INFO 8208 8364 ocr.py main():20 Program started
2021-03-04 13:14:22,958 INFO 8872 4924 ocr.py main():20 Program started
2021-03-04 13:14:30,276 INFO 8872 4924 reader.py write_to_txt():30 La cartella /scanIMG esiste già
2021-03-04 13:14:46,152 INFO 7376 4500 ocr.py main():20 Program started
2021-03-04 13:14:53,576 INFO 7376 4500 reader.py write_to_txt():30 La cartella .\scans esiste già
2021-03-04 13:14:53,797 INFO 7376 4500 reader.py write_to_txt():42 Il file EngToIta.txt è stato creato
2021-03-04 13:15:18,183 INFO 5860 9452 ocr.py main():20 Program started
2021-03-04 13:15:25,296 INFO 5860 9452 reader.py write_to_txt():30 La cartella .\scans esiste già
2021-03-04 13:15:25,752 INFO 5860 9452 reader.py write_to_txt():59 Il file EngToIta.txt è stato creato
2021-03-04 13:15:45,832 INFO 3708 2336 ocr.py main():20 Program started
2021-03-04 13:15:52,921 INFO 3708 2336 reader.py write_to_txt():30 La cartella .\scans esiste già
2021-03-04 13:15:53,144 INFO 3708 2336 reader.py write_to_txt():42 Il file EengToIta.txt è stato creato
2021-03-04 13:26:21,361 INFO 7696 4600 ocr.py main():20 Program started
2021-03-04 13:26:24,901 INFO 7696 4600 reader.py write_to_txt():30 La cartella .\scans esiste già
2021-03-04 13:26:25,069 INFO 7696 4600 reader.py write_to_txt():42 Il file scan.txt è stato creato
2021-03-04 13:32:03,136 INFO 9284 5992 ocr.py main():20 Program started
2021-03-04 13:32:13,021 INFO 2652 5452 ocr.py main():20 Program started
2021-03-04 13:32:19,395 INFO 2652 5452 reader.py write_to_txt():30 La cartella .\scans esiste già
2021-03-04 13:32:19,556 INFO 2652 5452 reader.py write_to_txt():63 Il file EngToIta.txt è stato creato
2021-03-04 13:32:26,972 INFO 7460 5804 ocr.py main():20 Program started
2021-03-04 13:32:34,227 INFO 7460 5804 reader.py write_to_txt():30 La cartella .\scans esiste già
2021-03-04 13:32:34,394 INFO 7460 5804 reader.py write_to_txt():63 Il file EngToIta.txt è stato creato
2021-03-04 13:36:51,512 INFO 5988 4328 ocr.py main():20 Program started
2021-03-04 13:36:54,474 INFO 5988 4328 reader.py write_to_txt():30 La cartella .\scans esiste già
2021-03-04 13:36:54,638 INFO 5988 4328 reader.py write_to_txt():63 Il file scan.txt è stato creato
2021-03-04 13:37:01,360 INFO 8228 1356 ocr.py main():20 Program started
2021-03-04 13:37:04,259 INFO 8228 1356 reader.py write_to_txt():30 La cartella .\scans esiste già
2021-03-04 13:37:04,426 INFO 8228 1356 reader.py write_to_txt():63 Il file scan.txt è stato creato
2021-03-04 13:44:29,824 INFO 9620 5344 ocr.py main():20 Program started
2021-03-04 13:44:33,630 INFO 9620 5344 reader.py write_to_txt():30 La cartella .\scans esiste già
2021-03-04 13:44:33,854 INFO 9620 5344 reader.py write_to_txt():42 Il file scan.txt è stato creato
2021-03-04 13:44:56,838 INFO 6740 8288 ocr.py main():20 Program started
2021-03-04 13:45:00,651 INFO 6740 8288 reader.py write_to_txt():30 La cartella .\scans esiste già
2021-03-04 13:45:01,007 INFO 6740 8288 reader.py write_to_txt():59 Il file scan.txt è stato creato
2021-03-04 15:02:05,350 INFO 6612 9896 ocr.py main():20 Program started
2021-03-04 15:02:32,206 INFO 5100 8728 ocr.py main():20 Program started
2021-03-04 15:03:24,417 INFO 8632 6172 ocr.py main():20 Program started
2021-03-04 15:03:25,203 INFO 8632 6172 reader.py create_and_change_directory():40 La cartella .\scans esiste già
2021-03-04 15:04:25,989 INFO 9960 932 ocr.py main():20 Program started
2021-03-04 15:04:26,695 INFO 9960 932 reader.py create_and_change_directory():40 La cartella .\scans esiste già
2021-03-04 15:05:16,957 INFO 3720 3152 ocr.py main():20 Program started
2021-03-04 15:05:18,064 INFO 3720 3152 reader.py create_and_change_directory():40 La cartella .\scans esiste già
2021-03-04 15:06:09,992 INFO 7080 7920 ocr.py main():20 Program started
2021-03-04 15:06:10,696 INFO 7080 7920 reader.py create_and_change_directory():40 La cartella .\scans esiste già
2021-03-04 15:08:06,587 INFO 4024 3996 ocr.py main():20 Program started
2021-03-04 15:08:07,291 INFO 4024 3996 reader.py check_img_type():28 Inserire immagini di tipo .png e .jpg
2021-03-04 15:08:34,191 INFO 4188 4816 ocr.py main():20 Program started
2021-03-04 15:08:34,974 INFO 4188 4816 reader.py check_img_type():28 Error: Formato non accetato. Inserire immagini di tipo .png e/o .jpg
2021-03-04 15:09:18,658 INFO 3440 8244 ocr.py main():20 Program started
2021-03-04 15:09:19,416 INFO 3440 8244 reader.py create_and_change_directory():40 La cartella .\scans esiste già
